<?xml version="1.0" encoding="UTF-8"?>
<!-- Generated by org.testng.reporters.JUnitReportReporter -->
<testsuite hostname="ahm-l-amitg" failures="0" tests="10" name="com.ibm.ecom.testcases.MethodTest" time="422.706" errors="0" timestamp="2023-03-26T17:01:18 IST" skipped="0">
  <testcase classname="com.ibm.ecom.testcases.MethodTest" name="signup" time="39.162"/>
  <system-out/>
  <testcase classname="com.ibm.ecom.testcases.MethodTest" name="signup" time="45.677"/>
  <system-out/>
  <testcase classname="com.ibm.ecom.testcases.MethodTest" name="signup" time="42.071"/>
  <system-out/>
  <testcase classname="com.ibm.ecom.testcases.MethodTest" name="signup" time="40.040"/>
  <system-out/>
  <testcase classname="com.ibm.ecom.testcases.MethodTest" name="signup" time="41.845"/>
  <system-out/>
  <testcase classname="com.ibm.ecom.testcases.MethodTest" name="signup" time="39.946"/>
  <system-out/>
  <testcase classname="com.ibm.ecom.testcases.MethodTest" name="signup" time="42.067"/>
  <system-out/>
  <testcase classname="com.ibm.ecom.testcases.MethodTest" name="signup" time="47.270"/>
  <system-out/>
  <testcase classname="com.ibm.ecom.testcases.MethodTest" name="signup" time="44.020"/>
  <system-out/>
  <testcase classname="com.ibm.ecom.testcases.MethodTest" name="signup" time="40.608"/>
  <system-out/>
</testsuite> <!-- com.ibm.ecom.testcases.MethodTest -->
